c:\users\robo6\source\repos\carbon\carbon\x64\debug\vc143.pdb
c:\users\robo6\source\repos\carbon\carbon\x64\debug\vc143.idb
c:\users\robo6\source\repos\carbon\carbon\x64\debug\testgame.obj
c:\users\robo6\source\repos\carbon\carbon\x64\debug\ui.obj
c:\users\robo6\source\repos\carbon\carbon\x64\debug\window.obj
c:\users\robo6\source\repos\carbon\carbon\x64\debug\util.obj
c:\users\robo6\source\repos\carbon\carbon\x64\debug\render.obj
c:\users\robo6\source\repos\carbon\carbon\x64\debug\main.obj
c:\users\robo6\source\repos\carbon\carbon\x64\debug\logging.obj
c:\users\robo6\source\repos\carbon\carbon\x64\debug\texture.obj
c:\users\robo6\source\repos\carbon\carbon\x64\debug\config.obj
c:\users\robo6\source\repos\carbon\carbon\x64\debug\shading.obj
c:\users\robo6\source\repos\carbon\carbon\x64\debug\core.obj
c:\users\robo6\source\repos\carbon\carbon\x64\debug\imgui_widgets.obj
c:\users\robo6\source\repos\carbon\carbon\x64\debug\imgui_tables.obj
c:\users\robo6\source\repos\carbon\carbon\x64\debug\imgui_impl_opengl3.obj
c:\users\robo6\source\repos\carbon\carbon\x64\debug\imgui_impl_opengl2.obj
c:\users\robo6\source\repos\carbon\carbon\x64\debug\imgui_impl_glfw.obj
c:\users\robo6\source\repos\carbon\carbon\x64\debug\imgui_draw.obj
c:\users\robo6\source\repos\carbon\carbon\x64\debug\imgui_demo.obj
c:\users\robo6\source\repos\carbon\carbon\x64\debug\imgui.obj
c:\users\robo6\source\repos\carbon\carbon\x64\debug\convertutf.obj
c:\users\robo6\source\repos\carbon\carbon\x64\debug\glad.obj
c:\users\robo6\source\repos\carbon\x64\debug\carbon.exe
c:\users\robo6\source\repos\carbon\x64\debug\carbon.pdb
c:\users\robo6\source\repos\carbon\carbon\x64\debug\carbon.ilk
c:\users\robo6\source\repos\carbon\carbon\x64\debug\carbon.tlog\cl.command.1.tlog
c:\users\robo6\source\repos\carbon\carbon\x64\debug\carbon.tlog\cl.items.tlog
c:\users\robo6\source\repos\carbon\carbon\x64\debug\carbon.tlog\cl.read.1.tlog
c:\users\robo6\source\repos\carbon\carbon\x64\debug\carbon.tlog\cl.write.1.tlog
c:\users\robo6\source\repos\carbon\carbon\x64\debug\carbon.tlog\link.command.1.tlog
c:\users\robo6\source\repos\carbon\carbon\x64\debug\carbon.tlog\link.read.1.tlog
c:\users\robo6\source\repos\carbon\carbon\x64\debug\carbon.tlog\link.secondary.1.tlog
c:\users\robo6\source\repos\carbon\carbon\x64\debug\carbon.tlog\link.write.1.tlog
