  imgui.cpp
  imgui_demo.cpp
  imgui_draw.cpp
  imgui_impl_glfw.cpp
  imgui_impl_opengl2.cpp
  imgui_impl_opengl3.cpp
  imgui_tables.cpp
  imgui_widgets.cpp
  core.cpp
  shading.cpp
C:\Users\robo6\source\repos\carbon\carbon\src\render\shading.cpp(95,7): warning C4101: 'infoLog': unreferenced local variable
C:\Users\robo6\source\repos\carbon\carbon\src\render\shading.cpp(212,33): warning C4101: 'error': unreferenced local variable
C:\Users\robo6\source\repos\carbon\carbon\src\render\shading.cpp(222,28): warning C4101: 'ex': unreferenced local variable
  config.cpp
  texture.cpp
  logging.cpp
  main.cpp
C:\Program Files (x86)\Windows Kits\10\Include\10.0.22621.0\shared\minwindef.h(130,1): warning C4005: 'APIENTRY': macro redefinition
  (compiling source file 'src/main.cpp')
  C:\Users\robo6\source\repos\carbon\carbon\include\glad\glad.h(42,1):
  see previous definition of 'APIENTRY'
  
  render.cpp
  util.cpp
  window.cpp
C:\Program Files (x86)\Windows Kits\10\Include\10.0.22621.0\shared\minwindef.h(130,1): warning C4005: 'APIENTRY': macro redefinition
  (compiling source file 'src/engine/window.cpp')
  C:\Users\robo6\source\repos\carbon\carbon\include\glad\glad.h(42,1):
  see previous definition of 'APIENTRY'
  
  ui.cpp
  testgame.cpp
  Generating Code...
C:\Users\robo6\source\repos\carbon\carbon\src\util\logging.cpp(16,1): warning C4715: 'StartLog': not all control paths return a value
C:\Users\robo6\source\repos\carbon\carbon\src\util\config.cpp(11,1): warning C4715: 'initConfig': not all control paths return a value
C:\Users\robo6\source\repos\carbon\carbon\src\render\shading.cpp(51,1): warning C4715: 'compileBackupShader': not all control paths return a value
C:\Users\robo6\source\repos\carbon\carbon\src\render\shading.cpp(244,1): warning C4715: 'getShader': not all control paths return a value
  glad.c
  ConvertUTF.c
  Generating Code...
LINK : warning LNK4098: defaultlib 'MSVCRT' conflicts with use of other libs; use /NODEFAULTLIB:library
  carbon.vcxproj -> C:\Users\robo6\source\repos\carbon\x64\Debug\carbon.exe
